Update 2 - Refined styles at 05/02/2026 17:38:11
Update 4 - Refined utility at 05/02/2026 17:38:12
Update 6 - Refined assets at 05/02/2026 17:38:12
Update 8 - Refined carousel at 05/02/2026 17:38:13
Update 10 - Refined ui at 05/02/2026 17:38:13
Update 12 - Refined styles at 05/02/2026 17:38:14
Update 14 - Refined utility at 05/02/2026 17:38:14
Update 16 - Refined assets at 05/02/2026 17:38:15
Update 18 - Refined carousel at 05/02/2026 17:38:16
Update 20 - Refined ui at 05/02/2026 17:38:16
Update 22 - Refined styles at 05/02/2026 17:38:17
Update 24 - Refined utility at 05/02/2026 17:38:17
Update 26 - Refined assets at 05/02/2026 17:38:18
Update 28 - Refined carousel at 05/02/2026 17:38:18
Update 30 - Refined ui at 05/02/2026 17:38:19
Update 32 - Refined styles at 05/02/2026 17:38:19
Update 34 - Refined utility at 05/02/2026 17:38:20
Update 36 - Refined assets at 05/02/2026 17:38:20
Update 38 - Refined carousel at 05/02/2026 17:38:21
Update 40 - Refined ui at 05/02/2026 17:38:21
Update 42 - Refined styles at 05/02/2026 17:38:21
Update 44 - Refined utility at 05/02/2026 17:38:22
Update 46 - Refined assets at 05/02/2026 17:38:22
Update 48 - Refined carousel at 05/02/2026 17:38:23
Update 50 - Refined ui at 05/02/2026 17:38:23
Update 52 - Refined styles at 05/02/2026 17:38:24
Update 54 - Refined utility at 05/02/2026 17:38:24
Update 56 - Refined assets at 05/02/2026 17:38:25
Update 58 - Refined carousel at 05/02/2026 17:38:25
Update 60 - Refined ui at 05/02/2026 17:38:26
Update 62 - Refined styles at 05/02/2026 17:38:26
Update 64 - Refined utility at 05/02/2026 17:38:27
Update 66 - Refined assets at 05/02/2026 17:38:27
Update 68 - Refined carousel at 05/02/2026 17:38:28
Update 70 - Refined ui at 05/02/2026 17:38:28
Update 72 - Refined styles at 05/02/2026 17:38:29
Update 74 - Refined utility at 05/02/2026 17:38:29
Update 76 - Refined assets at 05/02/2026 17:38:29
Update 78 - Refined carousel at 05/02/2026 17:38:30
Update 80 - Refined ui at 05/02/2026 17:38:30
